"../../../Engine/Content/Functions/Engine_MaterialFunctions01/Opacity/CameraDepthFade.uasset" 0
"../../../Engine/Content/EngineMaterials/T_Default_Material_Grid_M.uasset" 1
"../../../Engine/Content/EngineMaterials/T_Default_Material_Grid_N.uasset" 2
"../../../Engine/Content/EngineMaterials/WorldGridMaterial.uasset" 3
"../../../Engine/Content/ArtTools/RenderToTexture/Meshes/S_1_Unit_Plane.uasset" 4
"../../../Engine/Content/EngineMaterials/DefaultMaterial.uasset" 5
"../../../Engine/Content/BasicShapes/Cone.uasset" 6
"../../../Engine/Content/BasicShapes/Cylinder.uasset" 7
"../../../Engine/Content/BasicShapes/Sphere.uasset" 8
"../../../Engine/Content/EngineMaterials/DefaultPhysicalMaterial.uasset" 9
"../../../Engine/Content/BufferVisualization/AmbientOcclusion.uasset" 10
"../../../Engine/Content/BufferVisualization/BaseColor.uasset" 11
"../../../Engine/Content/BufferVisualization/CustomDepth.uasset" 12
"../../../Engine/Content/Functions/Engine_MaterialFunctions02/Utility/VectorLength.uasset" 13
"../../../Engine/Content/BufferVisualization/CustomDepthWorldUnits.uasset" 14
"../../../Engine/Content/Functions/Engine_MaterialFunctions02/Utility/BreakOutFloat2Components.uasset" 15
"../../../Engine/Content/Functions/Engine_MaterialFunctions01/Texturing/ScaleUVsByCenter.uasset" 16
"../../../Engine/Content/Functions/Engine_MaterialFunctions02/ScreenResolution.uasset" 17
"../../../Engine/Content/Functions/Engine_MaterialFunctions02/Texturing/ScreenAlignedUVs.uasset" 18
"../../../Engine/Content/Functions/Engine_MaterialFunctions02/Utility/MakeFloat2.uasset" 19
"../../../Engine/Content/Functions/Engine_MaterialFunctions02/Utility/MakeFloat3.uasset" 20
"../../../Engine/Content/EngineMaterials/MiniFont.uasset" 21
"../../../Engine/Content/BufferVisualization/CustomStencil.uasset" 22
"../../../Engine/Content/BufferVisualization/FinalImage.uasset" 23
"../../../Engine/Content/BufferVisualization/LightingModel.uasset" 24
"../../../Engine/Content/BufferVisualization/MaterialAO.uasset" 25
"../../../Engine/Content/BufferVisualization/Metallic.uasset" 26
"../../../Engine/Content/BufferVisualization/Opacity.uasset" 27
"../../../Engine/Content/BufferVisualization/PostTonemapHDRColor.uasset" 28
"../../../Engine/Content/BufferVisualization/PreTonemapHDRColor.uasset" 29
"../../../Engine/Content/BufferVisualization/Roughness.uasset" 30
"../../../Engine/Content/BufferVisualization/SceneColor.uasset" 31
"../../../Engine/Content/BufferVisualization/SceneDepth.uasset" 32
"../../../Engine/Content/BufferVisualization/SceneDepthWorldUnits.uasset" 33
"../../../Engine/Content/BufferVisualization/SeparateTranslucencyA.uasset" 34
"../../../Engine/Content/BufferVisualization/SeparateTranslucencyRGB.uasset" 35
"../../../Engine/Content/BufferVisualization/Specular.uasset" 36
"../../../Engine/Content/BufferVisualization/SubsurfaceColor.uasset" 37
"../../../Engine/Content/BufferVisualization/WorldNormal.uasset" 38
"../../../Engine/Content/EditorLandscapeResources/DataLayer.uasset" 39
"../../../Engine/Content/EditorLandscapeResources/DefaultAlphaTexture.uasset" 40
"../../../Engine/Content/EditorLandscapeResources/LandscapeGizmoHeight_Mat.uasset" 41
"../../../Engine/Content/EditorLandscapeResources/LandscapeGizmo_Mat.uasset" 42
"../../../Engine/Content/EditorLandscapeResources/LandscapeGizmo_Mat_Copied.uasset" 43
"../../../Engine/Content/EditorLandscapeResources/SplineEditorMeshMat.uasset" 44
"../../../Engine/Content/EditorLandscapeResources/SplineEditorMesh.uasset" 45
"../../../Engine/Content/EditorMaterials/Cross.uasset" 46
"../../../Engine/Content/EditorMaterials/Cross_Mat.uasset" 47
"../../../Engine/Content/EditorMaterials/GizmoMaterial.uasset" 48
"../../../Engine/Content/Functions/Engine_MaterialFunctions02/Utility/Sign.uasset" 49
"../../../Engine/Content/Functions/Engine_MaterialFunctions02/Utility/Round.uasset" 50
"../../../Engine/Content/Functions/Engine_MaterialFunctions02/ExampleContent/Textures/flipbook.uasset" 51
"../../../Engine/Content/Functions/Engine_MaterialFunctions02/Texturing/FlipBook.uasset" 52
"../../../Engine/Content/EditorResources/T_EditorHelp.uasset" 53
"../../../Engine/Content/EditorMaterials/HelpActorMaterial.uasset" 54
"../../../Engine/Content/EditorMaterials/CompositeARGBLayer.uasset" 55
"../../../Engine/Content/EditorMaterials/TilingAALineIntegral.uasset" 56
"../../../Engine/Content/EditorMaterials/TilingAALineBoxFiltered.uasset" 57
"../../../Engine/Content/Functions/Engine_MaterialFunctions03/Procedurals/ComputeFilterWidth.uasset" 58
"../../../Engine/Content/EditorMaterials/TilingAADots.uasset" 59
"../../../Engine/Content/EditorMaterials/Cascade/CASC_Cross.uasset" 60
"../../../Engine/Content/EditorMaterials/Cascade/CASC_None.uasset" 61
"../../../Engine/Content/Functions/Engine_MaterialFunctions03/Blends/Blend_Screen.uasset" 62
"../../../Engine/Content/EditorMaterials/TilingAAGrid.uasset" 63
"../../../Engine/Content/EditorMaterials/LevelGridMaterial.uasset" 64
"../../../Engine/Content/EditorMaterials/MakeCompositeARGBLayer.uasset" 65
"../../../Engine/Content/EditorResources/LevelGrid1DStripes.uasset" 66
"../../../Engine/Content/EditorMaterials/TextureGridCascaded1D.uasset" 67
"../../../Engine/Content/EditorMaterials/TextureGridCascaded2D.uasset" 68
"../../../Engine/Content/EditorMaterials/LevelGridMaterial2.uasset" 69
"../../../Engine/Content/EditorMaterials/MAT_Groups_Toggle.uasset" 70
"../../../Engine/Content/EditorMaterials/MAT_Groups_Visibility.uasset" 71
"../../../Engine/Content/EditorMaterials/PhAT_BoneSelectedMaterial.uasset" 72
"../../../Engine/Content/EditorMaterials/PhAT_ElemSelectedMaterial.uasset" 73
"../../../Engine/Content/EditorMaterials/PhAT_NoCollisionMaterial.uasset" 74
"../../../Engine/Content/EditorMaterials/PhAT_UnselectedMaterial.uasset" 75
"../../../Engine/Content/EditorMaterials/PreviewShadowIndicator.uasset" 76
"../../../Engine/Content/EditorMaterials/PreviewShadowIndicatorMaterial.uasset" 77
"../../../Engine/Content/EditorMaterials/TargetIcon.uasset" 78
"../../../Engine/Content/EditorMaterials/Tick.uasset" 79
"../../../Engine/Content/EditorMaterials/Tick_Mat.uasset" 80
"../../../Engine/Content/EditorMaterials/WidgetGridVertexColorMaterial.uasset" 81
"../../../Engine/Content/EditorMaterials/WidgetGridVertexColorMaterial_Ma.uasset" 82
"../../../Engine/Content/EditorMaterials/WidgetMaterial.uasset" 83
"../../../Engine/Content/EditorMaterials/WidgetMaterial_Current.uasset" 84
"../../../Engine/Content/EditorMaterials/WidgetMaterial_X.uasset" 85
"../../../Engine/Content/EditorMaterials/WidgetMaterial_Y.uasset" 86
"../../../Engine/Content/EditorMaterials/WidgetMaterial_Z.uasset" 87
"../../../Engine/Content/EditorMaterials/WidgetVertexColorMaterial.uasset" 88
"../../../Engine/Content/EditorMaterials/AssetViewer/EpicQuadPanorama_CC+EV1.uasset" 89
"../../../Engine/Content/EditorMaterials/MatineeGroups/MAT_ColorTrack.uasset" 90
"../../../Engine/Content/EditorMaterials/MatineeGroups/MAT_Groups_Anim.uasset" 91
"../../../Engine/Content/EditorMaterials/MatineeGroups/MAT_Groups_AudioMaster.uasset" 92
"../../../Engine/Content/EditorMaterials/MatineeGroups/MAT_Groups_Director.uasset" 93
"../../../Engine/Content/EditorMaterials/MatineeGroups/MAT_Groups_Event.uasset" 94
"../../../Engine/Content/EditorMaterials/MatineeGroups/MAT_Groups_Fade.uasset" 95
"../../../Engine/Content/EditorMaterials/MatineeGroups/MAT_Groups_Float.uasset" 96
"../../../Engine/Content/EditorMaterials/MatineeGroups/MAT_Groups_Move.uasset" 97
"../../../Engine/Content/EditorMaterials/MatineeGroups/MAT_Groups_Slomo.uasset" 98
"../../../Engine/Content/EditorMaterials/MatineeGroups/MAT_Groups_Sound.uasset" 99
"../../../Engine/Content/EditorMaterials/MatineeGroups/MAT_Groups_Vector.uasset" 100
"../../../Engine/Content/EditorMaterials/ParticleSystems/PSysThumbnail_NoImage.uasset" 101
"../../../Engine/Content/EditorMaterials/ParticleSystems/PSysThumbnail_OOD.uasset" 102
"../../../Engine/Content/EngineMaterials/Grid.uasset" 103
"../../../Engine/Content/EditorMaterials/Thumbnails/FloorPlaneMaterial.uasset" 104
"../../../Engine/Content/EditorMeshes/EditorCylinder.uasset" 105
"../../../Engine/Content/EditorMeshes/EditorPlane.uasset" 106
"../../../Engine/Content/EditorMaterials/Thumbnails/SkySphereMaterial.uasset" 107
"../../../Engine/Content/EditorMeshes/EditorSkySphere.uasset" 108
"../../../Engine/Content/EditorMeshes/EditorSphere.uasset" 109
"../../../Engine/Content/EditorResources/MatineeCam_D.uasset" 110
"../../../Engine/Content/EditorMaterials/MatineeCam_mat.uasset" 111
"../../../Engine/Content/EditorMeshes/MatineeCam_SM.uasset" 112
"../../../Engine/Content/EditorMaterials/Camera/CineMat.uasset" 113
"../../../Engine/Content/EditorMaterials/Camera/MI_CineMat_CameraBody.uasset" 114
"../../../Engine/Content/EngineDebugMaterials/M_SimpleOpaque.uasset" 115
"../../../Engine/Content/EditorMaterials/Camera/MI_CineMat_CamViewFinder.uasset" 116
"../../../Engine/Content/EditorMeshes/Camera/SM_CineCam.uasset" 117
"../../../Engine/Content/EditorMaterials/Camera/MI_CineMat_Rig.uasset" 118
"../../../Engine/Content/EditorMeshes/Camera/SM_CraneRig_Arm.uasset" 119
"../../../Engine/Content/EditorMeshes/Camera/SM_CraneRig_Base.uasset" 120
"../../../Engine/Content/EditorMeshes/Camera/SM_CraneRig_Body.uasset" 121
"../../../Engine/Content/EditorMeshes/Camera/SM_CraneRig_Mount.uasset" 122
"../../../Engine/Content/EditorMeshes/Camera/SM_RailRig_Mount.uasset" 123
"../../../Engine/Content/EditorMeshes/Camera/SM_RailRig_Track.uasset" 124
"../../../Engine/Content/EditorMeshes/ColorCalibrator/M_ChromeBall.uasset" 125
"../../../Engine/Content/EditorMeshes/ColorCalibrator/M_ClearCoat.uasset" 126
"../../../Engine/Content/EditorMeshes/ColorCalibrator/M_ClearCoatBlack.uasset" 127
"../../../Engine/Content/EditorMeshes/ColorCalibrator/T_ColorGrid.uasset" 128
"../../../Engine/Content/EditorMeshes/ColorCalibrator/M_ColorGrid.uasset" 129
"../../../Engine/Content/EditorMeshes/ColorCalibrator/M_GreyBall.uasset" 130
"../../../Engine/Content/EditorMeshes/ColorCalibrator/SM_ColorCalibrator.uasset" 131
"../../../Engine/Content/EditorResources/Bad.uasset" 132
"../../../Engine/Content/EditorResources/BSPVertex.uasset" 133
"../../../Engine/Content/EditorResources/EmptyActor.uasset" 134
"../../../Engine/Content/EditorResources/MatInstActSprite.uasset" 135
"../../../Engine/Content/EditorResources/RGBTable16x1_AssetViewer.uasset" 136
"../../../Engine/Content/EditorResources/SceneManager.uasset" 137
"../../../Engine/Content/EditorResources/SmallFont.uasset" 138
"../../../Engine/Content/EditorResources/S_Actor.uasset" 139
"../../../Engine/Content/EditorResources/S_DecalActorIcon.uasset" 140
"../../../Engine/Content/EditorResources/S_Emitter.uasset" 141
"../../../Engine/Content/EditorResources/S_ExpoHeightFog.uasset" 142
"../../../Engine/Content/EditorResources/S_FTest.uasset" 143
"../../../Engine/Content/EditorResources/S_KBSJoint.uasset" 144
"../../../Engine/Content/EditorResources/S_KHinge.uasset" 145
"../../../Engine/Content/EditorResources/S_KPrismatic.uasset" 146
"../../../Engine/Content/EditorResources/S_LevelSequence.uasset" 147
"../../../Engine/Content/EditorResources/S_NavP.uasset" 148
"../../../Engine/Content/EditorResources/S_Note.uasset" 149
"../../../Engine/Content/EditorResources/S_Player.uasset" 150
"../../../Engine/Content/EditorResources/S_PortalActorIcon2.uasset" 151
"../../../Engine/Content/EditorResources/S_RadForce.uasset" 152
"../../../Engine/Content/EditorResources/S_ReflActorIcon.uasset" 153
"../../../Engine/Content/EditorResources/S_Terrain.uasset" 154
"../../../Engine/Content/EditorResources/S_TextRenderActorIcon.uasset" 155
"../../../Engine/Content/EditorResources/S_Thruster.uasset" 156
"../../../Engine/Content/EditorResources/S_Trigger.uasset" 157
"../../../Engine/Content/EditorResources/S_VectorFieldVol.uasset" 158
"../../../Engine/Content/EditorResources/S_WindDirectional.uasset" 159
"../../../Engine/Content/EditorResources/AI/S_NavLink.uasset" 160
"../../../Engine/Content/EditorResources/LightIcons/SkyLight.uasset" 161
"../../../Engine/Content/EditorResources/LightIcons/S_LightDirectional.uasset" 162
"../../../Engine/Content/EditorResources/LightIcons/S_LightDirectionalMove.uasset" 163
"../../../Engine/Content/EditorResources/LightIcons/S_LightError.uasset" 164
"../../../Engine/Content/EditorResources/LightIcons/S_LightPoint.uasset" 165
"../../../Engine/Content/EditorResources/LightIcons/S_LightPointMove.uasset" 166
"../../../Engine/Content/EditorResources/LightIcons/S_LightSpot.uasset" 167
"../../../Engine/Content/EditorResources/LightIcons/S_LightSpotMove.uasset" 168
"../../../Engine/Content/EditorResources/SequenceRecorder/Countdown.uasset" 169
"../../../Engine/Content/EditorResources/SequenceRecorder/RecordingIndicator.uasset" 170
"../../../Engine/Content/EditorResources/Spline/T_Loft_Spline.uasset" 171
"../../../Engine/Content/EditorSounds/Notifications/CompileFailed.uasset" 172
"../../../Engine/Content/EditorSounds/Notifications/CompileFailed_Cue.uasset" 173
"../../../Engine/Content/EditorSounds/Notifications/CompileSuccess.uasset" 174
"../../../Engine/Content/EditorSounds/Notifications/CompileStart_Cue.uasset" 175
"../../../Engine/Content/EditorSounds/Notifications/CompileSuccess_Cue.uasset" 176
"../../../Engine/Content/EngineDamageTypes/DmgTypeBP_Environmental.uasset" 177
"../../../Engine/Content/EngineDebugMaterials/HeatmapGradient.uasset" 178
"../../../Engine/Content/EngineDebugMaterials/BoneWeightMaterial.uasset" 179
"../../../Engine/Content/EngineDebugMaterials/DebugMeshMaterial.uasset" 180
"../../../Engine/Content/EngineDebugMaterials/GeomMaterial.uasset" 181
"../../../Engine/Content/Functions/Engine_MaterialFunctions01/Shading/ConvertFromDiffSpec.uasset" 182
"../../../Engine/Content/EngineDebugMaterials/LevelColorationLitMaterial.uasset" 183
"../../../Engine/Content/EngineDebugMaterials/LevelColorationUnlitMaterial.uasset" 184
"../../../Engine/Content/EngineMaterials/DefaultWhiteGrid.uasset" 185
"../../../Engine/Content/EngineDebugMaterials/MAT_LevelColorationLitLightmapUV.uasset" 186
"../../../Engine/Content/EngineDebugMaterials/M_SimpleTranslucent.uasset" 187
"../../../Engine/Content/EngineDebugMaterials/ShadedLevelColorationLitMaterial.uasset" 188
"../../../Engine/Content/EngineDebugMaterials/ShadedLevelColorationUnlitMateri.uasset" 189
"../../../Engine/Content/EngineDebugMaterials/VertexColorMaterial.uasset" 190
"../../../Engine/Content/EngineDebugMaterials/VertexColorViewMode_AlphaAsColor.uasset" 191
"../../../Engine/Content/EngineDebugMaterials/VertexColorViewMode_BlueOnly.uasset" 192
"../../../Engine/Content/EngineDebugMaterials/VertexColorViewMode_ColorOnly.uasset" 193
"../../../Engine/Content/EngineDebugMaterials/VertexColorViewMode_GreenOnly.uasset" 194
"../../../Engine/Content/EngineDebugMaterials/VertexColorViewMode_RedOnly.uasset" 195
"../../../Engine/Content/EngineDebugMaterials/WireframeMaterial.uasset" 196
"../../../Engine/Content/EngineFonts/Roboto.uasset" 197
"../../../Engine/Content/EngineFonts/RobotoTiny.uasset" 198
"../../../Engine/Content/EngineFonts/SmallFont.uasset" 199
"../../../Engine/Content/EngineFonts/TinyFont.uasset" 200
"../../../Engine/Content/EngineResources/WhiteSquareTexture.uasset" 201
"../../../Engine/Content/EngineMaterials/BlinkingCaret.uasset" 202
"../../../Engine/Content/EngineMaterials/DefaultBokeh.uasset" 203
"../../../Engine/Content/EngineMaterials/DefaultDiffuse.uasset" 204
"../../../Engine/Content/EngineMaterials/DefaultDeferredDecalMaterial.uasset" 205
"../../../Engine/Content/EngineMaterials/DefaultLightFunctionMaterial.uasset" 206
"../../../Engine/Content/EngineMaterials/DefaultNormal.uasset" 207
"../../../Engine/Content/EngineMaterials/DefaultPostProcessMaterial.uasset" 208
"../../../Engine/Content/EngineFonts/RobotoDistanceField.uasset" 209
"../../../Engine/Content/EngineMaterials/DefaultTextMaterialOpaque.uasset" 210
"../../../Engine/Content/EngineMaterials/EditorBrushMaterial.uasset" 211
"../../../Engine/Content/EngineMaterials/Good64x64TilingNoiseHighFreq.uasset" 212
"../../../Engine/Content/EngineMaterials/Grid_N.uasset" 213
"../../../Engine/Content/EngineMaterials/HighResolutionScreenshotMaskFunction.uasset" 214
"../../../Engine/Content/EngineMaterials/HighResScreenshot.uasset" 215
"../../../Engine/Content/EngineMaterials/HighResScreenshotCaptureRegion.uasset" 216
"../../../Engine/Content/EngineMaterials/HighResScreenshotMask.uasset" 217
"../../../Engine/Content/EngineMaterials/LandscapeHolePhysicalMaterial.uasset" 218
"../../../Engine/Content/EngineMaterials/InvalidLightmapSettings.uasset" 219
"../../../Engine/Content/EngineMaterials/M_InvalidLightmapSettings.uasset" 220
"../../../Engine/Content/EngineMaterials/PaperDiffuse.uasset" 221
"../../../Engine/Content/EngineMaterials/PaperNormal.uasset" 222
"../../../Engine/Content/EngineMaterials/PhAT_JointLimitMaterial.uasset" 223
"../../../Engine/Content/EngineMaterials/PhysMat_Rubber.uasset" 224
"../../../Engine/Content/EngineMaterials/PreintegratedSkinBRDF.uasset" 225
"../../../Engine/Content/EngineMaterials/RemoveSurfaceMaterial.uasset" 226
"../../../Engine/Content/EngineMaterials/WeightMapPlaceholderTexture.uasset" 227
"../../../Engine/Content/EngineMaterials/Widget3DPassThrough.uasset" 228
"../../../Engine/Content/EngineMaterials/Widget3DPassThrough_Masked.uasset" 229
"../../../Engine/Content/EngineMaterials/Widget3DPassThrough_Opaque.uasset" 230
"../../../Engine/Content/EngineMaterials/Widget3DPassThrough_Masked_OneSided.uasset" 231
"../../../Engine/Content/EngineMaterials/Widget3DPassThrough_Opaque_OneSided.uasset" 232
"../../../Engine/Content/EngineMaterials/Widget3DPassThrough_Translucent.uasset" 233
"../../../Engine/Content/EngineMaterials/Widget3DPassThrough_Translucent_OneSided.uasset" 234
"../../../Engine/Content/EngineMeshes/Cube.uasset" 235
"../../../Engine/Content/EngineMeshes/Cylinder.uasset" 236
"../../../Engine/Content/EngineMeshes/Sphere.uasset" 237
"../../../Engine/Content/EngineResources/AICON-Green.uasset" 238
"../../../Engine/Content/EngineResources/AICON-Red.uasset" 239
"../../../Engine/Content/EngineResources/Black.uasset" 240
"../../../Engine/Content/EngineResources/DefaultTexture.uasset" 241
"../../../Engine/Content/EngineResources/DefaultTextureCube.uasset" 242
"../../../Engine/Content/EngineResources/GradientTexture0.uasset" 243
"../../../Engine/Content/EngineResources/StreamingPauseIcon.uasset" 244
"../../../Engine/Content/EngineResources/M_StreamingPause.uasset" 245
"../../../Engine/Content/EngineSounds/Master.uasset" 246
"../../../Engine/Content/EngineSounds/MasterSubmix.uasset" 247
"../../../Engine/Content/EngineTireTypes/DefaultTireType.uasset" 248
"../../../Engine/Content/Functions/Engine_MaterialFunctions01/Shading/PowerToRoughness.uasset" 249
"../../../Engine/Content/Maps/Templates/Thumbnails/Default.uasset" 250
"../../../Engine/Content/Maps/Templates/Thumbnails/VR-Basic.uasset" 251
"../../../Engine/Content/MapTemplates/Sky/DaylightAmbientCubemap.uasset" 252
"../../../Engine/Content/MobileResources/T_MobileControls_texture.uasset" 253
"../../../Engine/Content/MobileResources/T_MobileMenu2.uasset" 254
"../../../Engine/Content/MobileResources/HUD/AnalogHat.uasset" 255
"../../../Engine/Content/MobileResources/HUD/VirtualJoystick_Background.uasset" 256
"../../../Engine/Content/MobileResources/HUD/VirtualJoystick_Thumb.uasset" 257
"../../../Engine/Content/MobileResources/HUD/DefaultVirtualJoysticks.uasset" 258
"../../../Engine/Content/MobileResources/HUD/LeftVirtualJoystickOnly.uasset" 259
"../../../Engine/Content/MobileResources/HUD/MobileHUDButton1_off.uasset" 260
"../../../Engine/Content/MobileResources/HUD/MobileHUDButton1_on.uasset" 261
"../../../Engine/Content/MobileResources/HUD/MobileHUDButton2_off.uasset" 262
"../../../Engine/Content/MobileResources/HUD/MobileHUDButton2_on.uasset" 263
"../../../Engine/Content/MobileResources/HUD/MobileHUDButton3.uasset" 264
"../../../Engine/Content/MobileResources/HUD/MobileHUDButtonFire.uasset" 265
"../../../Engine/Content/MobileResources/HUD/MobileHUDDirectionPad.uasset" 266
"../../../Engine/Content/MobileResources/HUD/MobileHUDDirectionPad2.uasset" 267
"../../../Engine/Content/MobileResources/HUD/MobileHUDDirectionPad3.uasset" 268
"../../../Engine/Content/MobileResources/HUD/MobileHUDDirectionStick.uasset" 269
"../../../Engine/Content/MobileResources/HUD/T_Castle_ThumbstickInner.uasset" 270
"../../../Engine/Content/MobileResources/HUD/T_Castle_ThumbstickOutter.uasset" 271
"../../../Engine/Content/Tutorial/ContentIntroCurve.uasset" 272
"../../../Engine/Content/Tutorial/Basics/TutorialAssets/icon_tab_Levels_40x.uasset" 273
"../../../Engine/Content/Tutorial/BlueprintTutorials/TutorialAssets/BlueprintInterface_64x.uasset" 274
"../../../Engine/Content/Tutorial/BlueprintTutorials/TutorialAssets/BlueprintMacroLibrary_64x.uasset" 275
"../../../Engine/Content/Tutorial/BlueprintTutorials/TutorialAssets/Blueprint_64x.uasset" 276
"../../../Engine/Content/Tutorial/BlueprintTutorials/TutorialAssets/Tutorial_BP_Interface.uasset" 277
"../../../Engine/Content/Tutorial/Foliage/TutorialAssets/Foliage.uasset" 278
"../../../Engine/Content/Tutorial/Landscape/TutorialAssets/Landscape.uasset" 279
"../../../Engine/Content/Tutorial/Paper2D/TutorialAssets/Paper2DFlipbook_TutorialIcon.uasset" 280
"../../../Engine/Content/Tutorial/Paper2D/TutorialAssets/Paper2DSprite_TutorialIcon.uasset" 281
"../../../Engine/Content/Tutorial/SubEditors/TutorialAssets/icon_Editor_Preferences_General_40x.uasset" 282
"../../../Engine/Content/Tutorial/SubEditors/TutorialAssets/icon_ShowSkeletalMeshes_40x.uasset" 283
"../../../Engine/Content/Tutorial/SubEditors/TutorialAssets/TutorialMaterial.uasset" 284
"../../../Engine/Content/Tutorial/SubEditors/TutorialAssets/T_SmokeSubUV_8X8.uasset" 285
"../../../Engine/Content/Tutorial/SubEditors/TutorialAssets/T_soft_smoke.uasset" 286
"../../../Engine/Content/Tutorial/SubEditors/TutorialAssets/M_smoke_subUV_blackbody.uasset" 287
"../../../Engine/Content/Tutorial/SubEditors/TutorialAssets/TutorialParticleSystem.uasset" 288
"../../../Engine/Content/EditorMeshes/EditorCube.uasset" 289
"../../../Engine/Content/Tutorial/SubEditors/TutorialAssets/Tutorial_DM.uasset" 290
"../../../Engine/Content/VREditor/Devices/Generic/GenericHMDMaterial.uasset" 291
"../../../Engine/Content/VREditor/Devices/Generic/GenericHMD.uasset" 292
"../../../Engine/Content/VREditor/FloatingText/LineMaterial.uasset" 293
"../../../Engine/Content/VREditor/FloatingText/JointSphere.uasset" 294
"../../../Engine/Content/VREditor/FloatingText/LineSegmentCylinder.uasset" 295
"../../../Engine/Content/VREditor/Fonts/VRText_RobotoLarge.uasset" 296
"../../../Engine/Content/VREditor/Fonts/VRTextMaterial.uasset" 297
"../../../Engine/Content/VREditor/Fonts/TranslucentVRTextMaterial.uasset" 298
"../../../Engine/Content/VREditor/LaserPointer/VR_LaserPower_01.uasset" 299
"../../../Engine/Content/VREditor/LaserPointer/LaserPointerMaterial.uasset" 300
"../../../Engine/Content/VREditor/LaserPointer/LaserPointerMaterialInst.uasset" 301
"../../../Engine/Content/VREditor/LaserPointer/TranslucentLaserPointerMaterialInst.uasset" 302
"../../../Engine/Content/VREditor/LaserPointer/LaserPointerMesh.uasset" 303
"../../../Engine/Content/VREditor/Sounds/VR_grab_Cue.uasset" 304
"../../../Engine/Content/VREditor/Sounds/VR_teleport_Cue.uasset" 305
"../../../Engine/Content/VREditor/TransformGizmo/TransformGizmoMaterial.uasset" 306
"../../../Engine/Content/VREditor/TransformGizmo/TranslucentTransformGizmoMaterial.uasset" 307
"../../../Engine/Content/VREditor/TransformGizmo/BoundingBoxCorner.uasset" 308
"../../../Engine/Content/VREditor/TransformGizmo/BoundingBoxEdge.uasset" 309
"../../../Engine/Content/VREditor/TransformGizmo/PlaneTranslationHandle.uasset" 310
"../../../Engine/Content/VREditor/TransformGizmo/RotationHandle.uasset" 311
"../../../Engine/Content/VREditor/TransformGizmo/RotationHandleFull.uasset" 312
"../../../Engine/Content/VREditor/TransformGizmo/StretchingHandle.uasset" 313
"../../../Engine/Content/VREditor/TransformGizmo/TranslateHandleLong.uasset" 314
"../../../Engine/Content/VREditor/TransformGizmo/TranslationHandle.uasset" 315
"../../../Engine/Content/VREditor/TransformGizmo/UniformScaleHandle.uasset" 316
"../../../Engine/Content/VREditor/UI/CloseButtonMesh.uasset" 317
"../../../Engine/Content/VREditor/UI/SelectionBarMesh.uasset" 318
"../../../Engine/Content/Functions/Engine_MaterialFunctions01/Gradient/RadialGradient.uasset" 319
"../../../Engine/Content/VREditor/WorldMovementGrid/SimpleGrid.uasset" 320
"../../../Engine/Content/VREditor/WorldMovementGrid/GridMaterial.uasset" 321
"../../../Engine/Content/Functions/Engine_MaterialFunctions01/Density/ExponentialDensity.uasset" 322
"../../../Engine/Content/VREditor/WorldMovementGrid/GridPostProcess.uasset" 323
"../../../Engine/Content/EditorLandscapeResources/FlattenHeightMat.uasset" 324
"../../../Engine/Content/VREditor/WorldMovementGrid/PlaneMesh.uasset" 325
"../../../Engine/Plugins/2D/Paper2D/Content/DummySprite.uasset" 326
"../../../Engine/Plugins/2D/Paper2D/Content/DefaultPaperTerrainMaterial.uasset" 327
"../../../Engine/Plugins/2D/Paper2D/Content/DefaultSpriteMaterial.uasset" 328
"../../../Engine/Plugins/2D/Paper2D/Content/MaskedUnlitSpriteMaterial.uasset" 329
"../../../Engine/Plugins/2D/Paper2D/Content/OpaqueUnlitSpriteMaterial.uasset" 330
"../../../Engine/Plugins/2D/Paper2D/Content/PlaceholderTextures/DummySpriteTexture.uasset" 331
"../../../Engine/Content/EngineMeshes/Humanoid.uasset" 332
"../../../RPGGame/Content/ThirdPersonBP/Characters/Shekoukou/Mesh/shekoukou_Skeleton.uasset" 333
"../../../RPGGame/Content/ThirdPersonBP/Characters/Shekoukou/Animations/Basics/shekoukou_jump.uasset" 334
"../../../RPGGame/Content/ThirdPersonBP/Characters/Shekoukou/Animations/Basics/shekoukou_crouched_walking.uasset" 335
"../../../RPGGame/Content/ThirdPersonBP/Characters/Shekoukou/Animations/Basics/shekoukou_crouching_idle.uasset" 336
"../../../RPGGame/Content/ThirdPersonBP/Characters/Shekoukou/Animations/BlendSpaces/Crouch_BS.uasset" 337
"../../../RPGGame/Content/ThirdPersonBP/Characters/Shekoukou/Animations/Basics/shekoukou_neutral_idle.uasset" 338
"../../../RPGGame/Content/ThirdPersonBP/Characters/Shekoukou/Animations/Basics/shekoukou_running.uasset" 339
"../../../RPGGame/Content/ThirdPersonBP/Characters/Shekoukou/Animations/Basics/shekoukou_walking.uasset" 340
"../../../RPGGame/Content/ThirdPersonBP/Characters/Shekoukou/Animations/BlendSpaces/Hero_BS.uasset" 341
"../../../RPGGame/Content/ThirdPersonBP/Characters/Shekoukou/Animations/Basics/Combat/sword_and_shield_idle_3.uasset" 342
"../../../RPGGame/Content/ThirdPersonBP/Characters/Shekoukou/Animations/Basics/Combat/sword_and_shield_run_inPlace.uasset" 343
"../../../RPGGame/Content/ThirdPersonBP/Characters/Shekoukou/Animations/Basics/Combat/sword_and_shield_run_inPlace_1.uasset" 344
"../../../RPGGame/Content/ThirdPersonBP/Characters/Shekoukou/Animations/Basics/Combat/sword_and_shield_strafe_inPlace.uasset" 345
"../../../RPGGame/Content/ThirdPersonBP/Characters/Shekoukou/Animations/Basics/Combat/sword_and_shield_strafe_inPlace_2.uasset" 346
"../../../RPGGame/Content/ThirdPersonBP/Characters/Shekoukou/Animations/Basics/Combat/sword_and_shield_strafe_inPlace_3.uasset" 347
"../../../RPGGame/Content/ThirdPersonBP/Characters/Shekoukou/Animations/Basics/Combat/sword_and_shield_walk_inPlace.uasset" 348
"../../../RPGGame/Content/ThirdPersonBP/Characters/Shekoukou/Animations/Basics/Combat/sword_and_shield_walk_inPlace_1.uasset" 349
"../../../RPGGame/Content/ThirdPersonBP/Characters/Shekoukou/Animations/BlendSpaces/SwordShieldStanding_BS.uasset" 350
"../../../Engine/Content/EditorBlueprintResources/StandardMacros.uasset" 351
"../../../RPGGame/Content/ThirdPersonBP/Character/Mesh/UE4_Mannequin_Skeleton.uasset" 352
"../../../RPGGame/Content/ThirdPersonBP/Animations/ThirdPersonJump_End.uasset" 353
"../../../RPGGame/Content/ThirdPersonBP/Animations/ThirdPersonJump_Loop.uasset" 354
"../../../RPGGame/Content/ThirdPersonBP/Animations/ThirdPersonJump_Start.uasset" 355
"../../../RPGGame/Content/ThirdPersonBP/Animations/ThirdPersonIdle.uasset" 356
"../../../RPGGame/Content/ThirdPersonBP/Animations/ThirdPersonRun.uasset" 357
"../../../RPGGame/Content/ThirdPersonBP/Animations/ThirdPersonWalk.uasset" 358
"../../../RPGGame/Content/ThirdPersonBP/Animations/ThirdPersonIdleRun.uasset" 359
"../../../RPGGame/Content/ThirdPersonBP/Animations/ThirdPersonAnimBlueprint.uasset" 360
"../../../RPGGame/Content/ThirdPersonBP/Characters/Shekoukou/Animations/Basics/Combat/draw_sword_1.uasset" 361
"../../../RPGGame/Content/ThirdPersonBP/Characters/Shekoukou/Animations/Basics/Combat/draw_sword_2.uasset" 362
"../../../RPGGame/Content/ThirdPersonBP/Characters/Shekoukou/Animations/Basics/Combat/DrawSword.uasset" 363
"../../../RPGGame/Content/ThirdPersonBP/Characters/Shekoukou/Animations/Basics/Combat/sheath_sword_1.uasset" 364
"../../../RPGGame/Content/ThirdPersonBP/Characters/Shekoukou/Animations/Basics/Combat/sheath_sword_2.uasset" 365
"../../../RPGGame/Content/ThirdPersonBP/Characters/Shekoukou/Animations/Basics/Combat/SheathSword.uasset" 366
"../../../RPGGame/Content/ThirdPersonBP/Characters/Shekoukou/Animations/Basics/Combat/sword_and_shield_slash.uasset" 367
"../../../RPGGame/Content/ThirdPersonBP/Characters/Shekoukou/Animations/BlendSpaces/Attack1.uasset" 368
"../../../RPGGame/Content/ThirdPersonBP/Characters/Shekoukou/Animations/Basics/Combat/sword_and_shield_slash_2.uasset" 369
"../../../RPGGame/Content/ThirdPersonBP/Characters/Shekoukou/Animations/BlendSpaces/Attack2.uasset" 370
"../../../RPGGame/Content/ThirdPersonBP/Characters/Shekoukou/Animations/Basics/Combat/sword_and_shield_slash_3.uasset" 371
"../../../RPGGame/Content/ThirdPersonBP/Characters/Shekoukou/Animations/BlendSpaces/Attack3.uasset" 372
"../../../RPGGame/Content/ThirdPersonBP/Characters/Shekoukou/Animations/Basics/Combat/sword_and_shield_casting_1.uasset" 373
"../../../RPGGame/Content/ThirdPersonBP/Characters/Shekoukou/Animations/BlendSpaces/AttackWand.uasset" 374
"../../../RPGGame/Content/ThirdPersonBP/Characters/Shekoukou/Animations/Basics/Combat/sword_and_shield_kick.uasset" 375
"../../../RPGGame/Content/ThirdPersonBP/Characters/Shekoukou/Animations/BlendSpaces/Kick.uasset" 376
"../../../RPGGame/Content/ThirdPersonBP/Characters/Shekoukou/Animations/Basics/Combat/sword_and_shield_power_up.uasset" 377
"../../../RPGGame/Content/ThirdPersonBP/Characters/Shekoukou/Animations/BlendSpaces/PowerUp.uasset" 378
"../../../RPGGame/Content/ThirdPersonBP/Characters/Shekoukou/Animations/Basics/Combat/sword_and_shield_jump_inPlace.uasset" 379
"../../../RPGGame/Content/ThirdPersonBP/Characters/Shekoukou/Animations/Basics/shekoukou_belly_dance_Anim.uasset" 380
"../../../RPGGame/Content/ThirdPersonBP/Characters/Shekoukou/Animations/Basics/shekoukou_flying.uasset" 381
"../../../RPGGame/Content/ThirdPersonBP/Characters/Shekoukou/Animations/Basics/shekoukou_running_slide.uasset" 382
"../../../RPGGame/Content/ThirdPersonBP/Interactables/Interact.uasset" 383
"../../../RPGGame/Content/ThirdPersonBP/Interactables/BaseInteractable.uasset" 384
"../../../RPGGame/Content/ThirdPersonBP/Interactables/ItemType.uasset" 385
"../../../RPGGame/Content/ThirdPersonBP/Interactables/SlotType.uasset" 386
"../../../RPGGame/Content/ThirdPersonBP/Interactables/BaseItem.uasset" 387
"../../../RPGGame/Content/ThirdPersonBP/Interactables/ItemInfo.uasset" 388
"../../../RPGGame/Content/ThirdPersonBP/Characters/Shekoukou/ShekoukouSaveGame.uasset" 389
"../../../RPGGame/Content/ThirdPersonBP/Interactables/Armor/ArmorInfo.uasset" 390
"../../../RPGGame/Content/ThirdPersonBP/Interactables/Armor/BaseArmour.uasset" 391
"../../../RPGGame/Content/ThirdPersonBP/Interactables/RecorderCom.uasset" 392
"../../../RPGGame/Content/ThirdPersonBP/Interactables/Weapons/AttackType.uasset" 393
"../../../RPGGame/Content/ThirdPersonBP/Interactables/Weapons/WeaponInfo.uasset" 394
"../../../RPGGame/Content/ThirdPersonBP/Interactables/Weapons/BaseWeapon.uasset" 395
"../../../RPGGame/Content/SceneCaptures/CharacterRecord2D.uasset" 396
"../../../RPGGame/Content/ThirdPersonBP/Characters/Shekoukou/Textures/shekoukou_Beard_Diffuse.uasset" 397
"../../../RPGGame/Content/ThirdPersonBP/Characters/Shekoukou/Textures/shekoukou_Beard_Gloss.uasset" 398
"../../../RPGGame/Content/ThirdPersonBP/Characters/Shekoukou/Textures/shekoukou_Beard_Normal.uasset" 399
"../../../RPGGame/Content/ThirdPersonBP/Characters/Shekoukou/Textures/shekoukou_Beard_Opacity.uasset" 400
"../../../RPGGame/Content/ThirdPersonBP/Characters/Shekoukou/Textures/shekoukou_Beard_Specular.uasset" 401
"../../../RPGGame/Content/ThirdPersonBP/Characters/Shekoukou/Materials/Beardmat.uasset" 402
"../../../RPGGame/Content/ThirdPersonBP/Characters/Shekoukou/Textures/shekoukou_Body_Diffuse.uasset" 403
"../../../RPGGame/Content/ThirdPersonBP/Characters/Shekoukou/Textures/shekoukou_Body_Gloss.uasset" 404
"../../../RPGGame/Content/ThirdPersonBP/Characters/Shekoukou/Textures/shekoukou_Body_Normal.uasset" 405
"../../../RPGGame/Content/ThirdPersonBP/Characters/Shekoukou/Textures/shekoukou_Body_Opacity.uasset" 406
"../../../RPGGame/Content/ThirdPersonBP/Characters/Shekoukou/Textures/shekoukou_Body_Specular.uasset" 407
"../../../RPGGame/Content/ThirdPersonBP/Characters/Shekoukou/Materials/Bodymat.uasset" 408
"../../../RPGGame/Content/ThirdPersonBP/Characters/Shekoukou/Textures/shekoukou_Bottom_Diffuse.uasset" 409
"../../../RPGGame/Content/ThirdPersonBP/Characters/Shekoukou/Textures/shekoukou_Bottom_Gloss.uasset" 410
"../../../RPGGame/Content/ThirdPersonBP/Characters/Shekoukou/Textures/shekoukou_Bottom_Normal.uasset" 411
"../../../RPGGame/Content/ThirdPersonBP/Characters/Shekoukou/Textures/shekoukou_Bottom_Opacity.uasset" 412
"../../../RPGGame/Content/ThirdPersonBP/Characters/Shekoukou/Textures/shekoukou_Bottom_Specular.uasset" 413
"../../../RPGGame/Content/ThirdPersonBP/Characters/Shekoukou/Materials/Bottommat.uasset" 414
"../../../RPGGame/Content/ThirdPersonBP/Characters/Shekoukou/Textures/shekoukou_Eyewear_Diffuse.uasset" 415
"../../../RPGGame/Content/ThirdPersonBP/Characters/Shekoukou/Textures/shekoukou_Eyewear_Gloss.uasset" 416
"../../../RPGGame/Content/ThirdPersonBP/Characters/Shekoukou/Textures/shekoukou_Eyewear_Normal.uasset" 417
"../../../RPGGame/Content/ThirdPersonBP/Characters/Shekoukou/Textures/shekoukou_Eyewear_Opacity.uasset" 418
"../../../RPGGame/Content/ThirdPersonBP/Characters/Shekoukou/Textures/shekoukou_Eyewear_Specular.uasset" 419
"../../../RPGGame/Content/ThirdPersonBP/Characters/Shekoukou/Materials/Eyewearmat.uasset" 420
"../../../RPGGame/Content/ThirdPersonBP/Characters/Shekoukou/Textures/shekoukou_Hair_Diffuse.uasset" 421
"../../../RPGGame/Content/ThirdPersonBP/Characters/Shekoukou/Textures/shekoukou_Hair_Gloss.uasset" 422
"../../../RPGGame/Content/ThirdPersonBP/Characters/Shekoukou/Textures/shekoukou_Hair_Normal.uasset" 423
"../../../RPGGame/Content/ThirdPersonBP/Characters/Shekoukou/Textures/shekoukou_Hair_Opacity.uasset" 424
"../../../RPGGame/Content/ThirdPersonBP/Characters/Shekoukou/Textures/shekoukou_Hair_Specular.uasset" 425
"../../../RPGGame/Content/ThirdPersonBP/Characters/Shekoukou/Materials/Hairmat.uasset" 426
"../../../RPGGame/Content/ThirdPersonBP/Characters/Shekoukou/Textures/shekoukou_Shoes_Diffuse.uasset" 427
"../../../RPGGame/Content/ThirdPersonBP/Characters/Shekoukou/Textures/shekoukou_Shoes_Gloss.uasset" 428
"../../../RPGGame/Content/ThirdPersonBP/Characters/Shekoukou/Textures/shekoukou_Shoes_Normal.uasset" 429
"../../../RPGGame/Content/ThirdPersonBP/Characters/Shekoukou/Textures/shekoukou_Shoes_Opacity.uasset" 430
"../../../RPGGame/Content/ThirdPersonBP/Characters/Shekoukou/Textures/shekoukou_Shoes_Specular.uasset" 431
"../../../RPGGame/Content/ThirdPersonBP/Characters/Shekoukou/Materials/Shoesmat.uasset" 432
"../../../RPGGame/Content/ThirdPersonBP/Characters/Shekoukou/Textures/shekoukou_Top_Diffuse.uasset" 433
"../../../RPGGame/Content/ThirdPersonBP/Characters/Shekoukou/Textures/shekoukou_Top_Gloss.uasset" 434
"../../../RPGGame/Content/ThirdPersonBP/Characters/Shekoukou/Textures/shekoukou_Top_Normal.uasset" 435
"../../../RPGGame/Content/ThirdPersonBP/Characters/Shekoukou/Textures/shekoukou_Top_Opacity.uasset" 436
"../../../RPGGame/Content/ThirdPersonBP/Characters/Shekoukou/Textures/shekoukou_Top_Specular.uasset" 437
"../../../RPGGame/Content/ThirdPersonBP/Characters/Shekoukou/Materials/Topmat.uasset" 438
"../../../RPGGame/Content/ThirdPersonBP/Characters/Shekoukou/Mesh/shekoukou_PhysicsAsset.uasset" 439
"../../../RPGGame/Content/ThirdPersonBP/Characters/Shekoukou/Mesh/shekoukou.uasset" 440
"../../../RPGGame/Content/SceneCaptures/CharacterRecorder.uasset" 441
"../../../RPGGame/Content/ThirdPersonBP/Interactables/Inventory.uasset" 442
"../../../RPGGame/Content/ThirdPersonBP/Interactables/Potions/BasePotion.uasset" 443
"../../../RPGGame/Content/ItemImages/44.uasset" 444
"../../../RPGGame/Content/ItemModels/Materials/M_Glass.uasset" 445
"../../../RPGGame/Content/ItemModels/Materials/M_Liguid.uasset" 446
"../../../RPGGame/Content/ItemModels/Potions/SM_Potion_1.uasset" 447
"../../../RPGGame/Content/ThirdPersonBP/Interactables/Potions/Health.uasset" 448
"../../../RPGGame/Content/ItemModels/Materials/M_Cork.uasset" 449
"../../../RPGGame/Content/ItemModels/Materials/M_Liguid_3.uasset" 450
"../../../RPGGame/Content/ItemModels/Potions/SM_Potion_3.uasset" 451
"../../../RPGGame/Content/ThirdPersonBP/Interactables/Potions/Power.uasset" 452
"../../../RPGGame/Content/ItemModels/Materials/M_Liguid_2.uasset" 453
"../../../RPGGame/Content/ItemModels/Potions/SM_Potion_2.uasset" 454
"../../../RPGGame/Content/ThirdPersonBP/Interactables/Potions/Stamina.uasset" 455
"../../../RPGGame/Content/ThirdPersonBP/Interactables/InteractableVariables.uasset" 456
"../../../RPGGame/Content/SceneCaptures/CharacterCapture.uasset" 457
"../../../RPGGame/Content/ItemImages/Border.uasset" 458
"../../../RPGGame/Content/HUD/EquipmentSlot.uasset" 459
"../../../RPGGame/Content/HUD/Equipment.uasset" 460
"../../../RPGGame/Content/HUD/InventoryItem.uasset" 461
"../../../RPGGame/Content/HUD/Inventory.uasset" 462
"../../../RPGGame/Content/HUD/GameHUD.uasset" 463
"../../../RPGGame/Content/HUD/SkillTree.uasset" 464
"../../../RPGGame/Content/ThirdPersonBP/Characters/Shekoukou/Blueprints/Hero.uasset" 465
"../../../RPGGame/Content/ThirdPersonBP/Characters/Shekoukou/Blueprints/Hero_Anim.uasset" 466
"../../../RPGGame/Content/ItemModels/SK_Spider_Skeleton.uasset" 467
"../../../RPGGame/Content/ItemModels/SpiderAttack.uasset" 468
"../../../RPGGame/Content/SpiderAttack.uasset" 469
"../../../RPGGame/Content/SpiderDie.uasset" 470
"../../../RPGGame/Content/SpiderDies.uasset" 471
"../../../RPGGame/Content/ItemModels/SpiderWalk.uasset" 472
"../../../RPGGame/Content/ThirdPersonBP/Characters/FuseModel/Mesh/FuseModel_Skeleton.uasset" 473
"../../../RPGGame/Content/ThirdPersonBP/Characters/FuseModel/Animations/FuseModel_idle.uasset" 474
"../../../Engine/Content/Functions/Engine_MaterialFunctions02/Utility/BlendAngleCorrectedNormals.uasset" 475
"../../../Engine/Content/Functions/MaterialLayerFunctions/MatLayerBlend_AO.uasset" 476
"../../../Engine/Content/Functions/MaterialLayerFunctions/MatLayerBlend_NormalBlend.uasset" 477
"../../../Engine/Content/Functions/MaterialLayerFunctions/MatLayerBlend_Simple.uasset" 478
"../../../RPGGame/Content/ThirdPersonBP/Character/Materials/MaterialLayers/T_ML_Aluminum01.uasset" 479
"../../../RPGGame/Content/ThirdPersonBP/Character/Materials/MaterialLayers/T_ML_Aluminum01_N.uasset" 480
"../../../RPGGame/Content/ThirdPersonBP/Character/Materials/MaterialLayers/ML_GlossyBlack_Latex_UE4.uasset" 481
"../../../RPGGame/Content/ThirdPersonBP/Character/Materials/MaterialLayers/ML_Plastic_Shiny_Beige.uasset" 482
"../../../RPGGame/Content/ThirdPersonBP/Character/Textures/UE4_LOGO_CARD.uasset" 483
"../../../RPGGame/Content/ThirdPersonBP/Character/Materials/MaterialLayers/ML_Plastic_Shiny_Beige_LOGO.uasset" 484
"../../../RPGGame/Content/ThirdPersonBP/Character/Materials/MaterialLayers/T_ML_Rubber_Blue_01_N.uasset" 485
"../../../RPGGame/Content/ThirdPersonBP/Character/Materials/MaterialLayers/ML_SoftMetal_UE4.uasset" 486
"../../../RPGGame/Content/ThirdPersonBP/Character/Textures/UE4_Mannequin__normals.uasset" 487
"../../../RPGGame/Content/ThirdPersonBP/Character/Textures/UE4_Mannequin_MAT_MASKA.uasset" 488
"../../../RPGGame/Content/ThirdPersonBP/Character/Textures/UE4_Mannequin_occlusion.uasset" 489
"../../../RPGGame/Content/ThirdPersonBP/Character/Materials/M_UE4Man_Body.uasset" 490
"../../../RPGGame/Content/ThirdPersonBP/Character/Textures/UE4Man_Logo_N.uasset" 491
"../../../RPGGame/Content/ThirdPersonBP/Character/Materials/M_UE4Man_ChestLogo.uasset" 492
"../../../RPGGame/Content/ThirdPersonBP/Character/Mesh/SK_Mannequin_PhysicsAsset.uasset" 493
"../../../RPGGame/Content/ThirdPersonBP/Character/Mesh/SK_Mannequin.uasset" 494
"../../../RPGGame/Content/ThirdPersonBP/Blueprints/ThirdPersonCharacter.uasset" 495
"../../../RPGGame/Content/ThirdPersonBP/Blueprints/ThirdPersonGameMode.uasset" 496
"../../../RPGGame/Content/ItemImages/39.uasset" 497
"../../../RPGGame/Content/ItemModels/Materials/ArmStrap.uasset" 498
"../../../RPGGame/Content/StarterContent/Textures/T_MacroVariation.uasset" 499
"../../../RPGGame/Content/StarterContent/Textures/T_Metal_Aluminum_D.uasset" 500
"../../../RPGGame/Content/StarterContent/Textures/T_Metal_Gold_N.uasset" 501
"../../../RPGGame/Content/StarterContent/Materials/M_Metal_Burnished_Steel.uasset" 502
"../../../RPGGame/Content/ItemModels/Armor/SM_ArmGuard.uasset" 503
"../../../RPGGame/Content/ThirdPersonBP/Interactables/Armor/ArmPlate.uasset" 504
"../../../RPGGame/Content/ItemImages/14.uasset" 505
"../../../RPGGame/Content/ItemModels/Armor/SM_BreastPlate.uasset" 506
"../../../RPGGame/Content/ThirdPersonBP/Interactables/Armor/BreastPlate.uasset" 507
"../../../RPGGame/Content/ItemImages/16.uasset" 508
"../../../RPGGame/Content/ItemModels/Armor/SM_Helmet_wGuard.uasset" 509
"../../../RPGGame/Content/ThirdPersonBP/Interactables/Armor/Helmet.uasset" 510
"../../../RPGGame/Content/ItemImages/5.uasset" 511
"../../../RPGGame/Content/ItemModels/Materials/M_ShieldAccentMetal.uasset" 512
"../../../RPGGame/Content/ItemModels/Materials/M_ShieldStrap.uasset" 513
"../../../RPGGame/Content/StarterContent/Textures/T_Wood_Walnut_D.uasset" 514
"../../../RPGGame/Content/StarterContent/Textures/T_Wood_Walnut_N.uasset" 515
"../../../RPGGame/Content/StarterContent/Materials/M_Wood_Walnut.uasset" 516
"../../../RPGGame/Content/ItemModels/Armor/SM_LightShield.uasset" 517
"../../../RPGGame/Content/ThirdPersonBP/Interactables/Armor/Shield.uasset" 518
"../../../RPGGame/Content/ThirdPersonBP/Interactables/Food/BaseFood.uasset" 519
"../../../RPGGame/Content/ItemImages/24.uasset" 520
"../../../RPGGame/Content/ItemModels/Materials/Cheese.uasset" 521
"../../../RPGGame/Content/ItemModels/Food/SM_Cheese.uasset" 522
"../../../RPGGame/Content/ThirdPersonBP/Interactables/Food/Cheese.uasset" 523
"../../../RPGGame/Content/ItemModels/Materials/Grapes.uasset" 524
"../../../RPGGame/Content/ItemModels/Materials/Stem.uasset" 525
"../../../RPGGame/Content/ItemModels/Food/SM_Grapes.uasset" 526
"../../../RPGGame/Content/ThirdPersonBP/Interactables/Food/Grapes.uasset" 527
"../../../RPGGame/Content/ItemImages/19.uasset" 528
"../../../RPGGame/Content/ItemModels/Materials/M_Shaft.uasset" 529
"../../../RPGGame/Content/ItemModels/Materials/M_ShaftMetal.uasset" 530
"../../../RPGGame/Content/ItemModels/Weapons/SM_HandAxe.uasset" 531
"../../../RPGGame/Content/StarterContent/Audio/Explosion01.uasset" 532
"../../../RPGGame/Content/StarterContent/Textures/T_Burst_M.uasset" 533
"../../../RPGGame/Content/StarterContent/Particles/Materials/M_Burst.uasset" 534
"../../../RPGGame/Content/StarterContent/Textures/T_Explosion_SubUV.uasset" 535
"../../../RPGGame/Content/StarterContent/Particles/Materials/M_explosion_subUV.uasset" 536
"../../../RPGGame/Content/StarterContent/Particles/Materials/m_flare_01.uasset" 537
"../../../RPGGame/Content/StarterContent/Particles/Materials/M_radial_ramp.uasset" 538
"../../../RPGGame/Content/StarterContent/Textures/T_Smoke_SubUV.uasset" 539
"../../../RPGGame/Content/StarterContent/Textures/T_Smoke_Tiled_D.uasset" 540
"../../../RPGGame/Content/StarterContent/Particles/Materials/M_smoke_subUV.uasset" 541
"../../../RPGGame/Content/StarterContent/Particles/P_Explosion.uasset" 542
"../../../RPGGame/Content/ThirdPersonBP/Interactables/Weapons/Axe.uasset" 543
"../../../RPGGame/Content/ItemImages/52.uasset" 544
"../../../RPGGame/Content/ItemModels/Materials/M_Hilt.uasset" 545
"../../../RPGGame/Content/ItemModels/Materials/M_HiltGuard.uasset" 546
"../../../RPGGame/Content/ItemModels/Weapons/SM_CurvedSword.uasset" 547
"../../../RPGGame/Content/ThirdPersonBP/Interactables/Weapons/CurvedSword.uasset" 548
"../../../RPGGame/Content/ItemImages/71.uasset" 549
"../../../RPGGame/Content/ItemModels/Weapons/SM_Dagger.uasset" 550
"../../../RPGGame/Content/ThirdPersonBP/Interactables/Weapons/Dagger.uasset" 551
"../../../RPGGame/Content/ItemImages/28.uasset" 552
"../../../RPGGame/Content/ItemModels/Materials/M_SwordHiltGuard.uasset" 553
"../../../RPGGame/Content/ItemModels/Weapons/SM_Longsword.uasset" 554
"../../../RPGGame/Content/ThirdPersonBP/Interactables/Weapons/LongSword.uasset" 555
"../../../RPGGame/Content/ItemImages/99.uasset" 556
"../../../RPGGame/Content/ItemModels/Weapons/SM_SpikedClub.uasset" 557
"../../../RPGGame/Content/ThirdPersonBP/Interactables/Weapons/SpikedClub.uasset" 558
"../../../RPGGame/Content/ItemImages/4.uasset" 559
"../../../RPGGame/Content/ItemModels/Materials/M_WandMetal.uasset" 560
"../../../RPGGame/Content/ItemModels/Materials/M_WandPommel.uasset" 561
"../../../RPGGame/Content/ItemModels/Materials/M_WandSpecial.uasset" 562
"../../../RPGGame/Content/ItemModels/Materials/M_WandWood.uasset" 563
"../../../RPGGame/Content/ItemModels/Weapons/SM_Wand.uasset" 564
"../../../RPGGame/Content/StarterContent/Audio/Fire_Sparks01.uasset" 565
"../../../RPGGame/Content/StarterContent/Textures/T_Fire_SubUV.uasset" 566
"../../../RPGGame/Content/StarterContent/Textures/T_Fire_Tiled_D.uasset" 567
"../../../RPGGame/Content/StarterContent/Particles/Materials/M_Fire_SubUV.uasset" 568
"../../../RPGGame/Content/StarterContent/Textures/T_Water_N.uasset" 569
"../../../RPGGame/Content/StarterContent/Particles/Materials/M_Heat_Distortion.uasset" 570
"../../../RPGGame/Content/StarterContent/Particles/Materials/M_Radial_Gradient.uasset" 571
"../../../RPGGame/Content/StarterContent/Particles/P_Fire.uasset" 572
"../../../RPGGame/Content/ThirdPersonBP/Interactables/Weapons/Wand.uasset" 573
"../../../RPGGame/Content/ThirdPersonBP/Maps/ThirdPersonExampleMap_BuiltData.uasset" 574
"../../../RPGGame/Content/ItemModels/Materials/M_ChestWood.uasset" 575
"../../../RPGGame/Content/StarterContent/Textures/T_Brick_Clay_New_D.uasset" 576
"../../../RPGGame/Content/StarterContent/Textures/T_Brick_Clay_New_M.uasset" 577
"../../../RPGGame/Content/StarterContent/Textures/T_Brick_Clay_New_N.uasset" 578
"../../../RPGGame/Content/StarterContent/Textures/T_Detail_Rocky_N.uasset" 579
"../../../RPGGame/Content/StarterContent/Materials/M_Brick_Clay_New.uasset" 580
"../../../RPGGame/Content/StarterContent/Textures/T_CobbleStone_Rough_D.uasset" 581
"../../../RPGGame/Content/StarterContent/Textures/T_CobbleStone_Rough_N.uasset" 582
"../../../RPGGame/Content/StarterContent/Textures/T_Gradinet_01.uasset" 583
"../../../RPGGame/Content/StarterContent/Textures/T_Rock_Smooth_Granite_D.uasset" 584
"../../../RPGGame/Content/StarterContent/Materials/M_CobbleStone_Rough.uasset" 585
"../../../RPGGame/Content/StarterContent/Textures/T_Concrete_Panels_D.uasset" 586
"../../../RPGGame/Content/StarterContent/Textures/T_Concrete_Panels_N.uasset" 587
"../../../RPGGame/Content/StarterContent/Textures/T_Perlin_Noise_M.uasset" 588
"../../../RPGGame/Content/StarterContent/Materials/M_Concrete_Panels.uasset" 589
"../../../RPGGame/Content/StarterContent/Textures/T_ground_Moss_D.uasset" 590
"../../../RPGGame/Content/StarterContent/Textures/T_Ground_Moss_N.uasset" 591
"../../../RPGGame/Content/StarterContent/Materials/M_Ground_Moss.uasset" 592
"../../../RPGGame/Content/StarterContent/Materials/M_InteractHighlight.uasset" 593
"../../../RPGGame/Content/StarterContent/Textures/T_Metal_Rust_D.uasset" 594
"../../../RPGGame/Content/StarterContent/Textures/T_Metal_Rust_N.uasset" 595
"../../../RPGGame/Content/StarterContent/Materials/M_Metal_Rust.uasset" 596
"../../../RPGGame/Content/StarterContent/Textures/T_Metal_Steel_D.uasset" 597
"../../../RPGGame/Content/StarterContent/Textures/T_Metal_Steel_N.uasset" 598
"../../../RPGGame/Content/StarterContent/Materials/M_Metal_Steel.uasset" 599
"../../../RPGGame/Content/StarterContent/Textures/T_Rock_Sandstone_D.uasset" 600
"../../../RPGGame/Content/StarterContent/Textures/T_Rock_Sandstone_N.uasset" 601
"../../../RPGGame/Content/StarterContent/Materials/M_Rock_Sandstone.uasset" 602
"../../../RPGGame/Content/StarterContent/Materials/M_Water_Lake.uasset" 603
"../../../RPGGame/Content/StarterContent/Materials/M_Water_Lake2.uasset" 604
"../../../RPGGame/Content/StarterContent/Materials/M_Water_Lake3.uasset" 605
"../../../Engine/Content/Functions/Engine_MaterialFunctions01/Opacity/AlphaOffset.uasset" 606
"../../../RPGGame/Content/StarterContent/Textures/T_Wood_Floor_Walnut_D.uasset" 607
"../../../RPGGame/Content/StarterContent/Textures/T_Wood_Floor_Walnut_M.uasset" 608
"../../../RPGGame/Content/StarterContent/Textures/T_Wood_Floor_Walnut_N.uasset" 609
"../../../RPGGame/Content/StarterContent/Materials/M_Wood_Floor_Walnut_Worn.uasset" 610
"../../../RPGGame/Content/StarterContent/Textures/T_Wood_Oak_D.uasset" 611
"../../../RPGGame/Content/StarterContent/Textures/T_Wood_Oak_N.uasset" 612
"../../../RPGGame/Content/StarterContent/Materials/M_Wood_Oak.uasset" 613
"../../../Engine/Content/BasicShapes/Cube.uasset" 614
"../../../Engine/Content/MapTemplates/Bokeh_5Sides.uasset" 615
"../../../Engine/Content/MapTemplates/T_ScreenDirt02_w.uasset" 616
"../../../RPGGame/Content/ItemModels/Materials/M_SpiderAccent.uasset" 617
"../../../RPGGame/Content/ItemModels/Materials/M_SpiderMain.uasset" 618
"../../../RPGGame/Content/ItemModels/SK_Spider.uasset" 619
"../../../RPGGame/Content/StarterContent/Materials/M_Basic_Wall.uasset" 620
"../../../RPGGame/Content/StarterContent/Architecture/Wall_500x500.uasset" 621
"../../../RPGGame/Content/StarterContent/Textures/T_Bush_D.uasset" 622
"../../../RPGGame/Content/StarterContent/Textures/T_Bush_N.uasset" 623
"../../../RPGGame/Content/StarterContent/Props/Materials/M_Bush.uasset" 624
"../../../RPGGame/Content/StarterContent/Props/SM_Bush.uasset" 625
"../../../RPGGame/Content/StarterContent/Textures/T_Chair_M.uasset" 626
"../../../RPGGame/Content/StarterContent/Textures/T_Chair_N.uasset" 627
"../../../RPGGame/Content/StarterContent/Props/Materials/M_Chair.uasset" 628
"../../../RPGGame/Content/StarterContent/Props/SM_Chair.uasset" 629
"../../../RPGGame/Content/StarterContent/Props/SM_Couch.uasset" 630
"../../../RPGGame/Content/StarterContent/Textures/T_Lamp_M.uasset" 631
"../../../RPGGame/Content/StarterContent/Textures/T_Lamp_N.uasset" 632
"../../../RPGGame/Content/StarterContent/Props/Materials/M_Lamp.uasset" 633
"../../../RPGGame/Content/StarterContent/Props/SM_Lamp_Ceiling.uasset" 634
"../../../RPGGame/Content/StarterContent/Props/SM_Lamp_Wall.uasset" 635
"../../../RPGGame/Content/StarterContent/Textures/T_Rock_Basalt_D.uasset" 636
"../../../RPGGame/Content/StarterContent/Textures/T_RockMesh_M.uasset" 637
"../../../RPGGame/Content/StarterContent/Textures/T_RockMesh_N.uasset" 638
"../../../RPGGame/Content/StarterContent/Props/Materials/M_Rock.uasset" 639
"../../../RPGGame/Content/StarterContent/Props/SM_Rock.uasset" 640
"../../../RPGGame/Content/StarterContent/Textures/T_Statue_M.uasset" 641
"../../../RPGGame/Content/StarterContent/Textures/T_Statue_N.uasset" 642
"../../../RPGGame/Content/StarterContent/Props/Materials/M_Statue.uasset" 643
"../../../RPGGame/Content/StarterContent/Props/Materials/M_StatueGlass.uasset" 644
"../../../RPGGame/Content/StarterContent/Props/SM_Statue.uasset" 645
"../../../RPGGame/Content/StarterContent/Textures/T_TableRound_M.uasset" 646
"../../../RPGGame/Content/StarterContent/Textures/T_TableRound_N.uasset" 647
"../../../RPGGame/Content/StarterContent/Props/Materials/M_TableRound.uasset" 648
"../../../RPGGame/Content/StarterContent/Props/SM_TableRound.uasset" 649
"../../../RPGGame/Content/ThirdPersonBP/Characters/FuseModel/Textures/FuseModel_Body_Diffuse.uasset" 650
"../../../RPGGame/Content/ThirdPersonBP/Characters/FuseModel/Textures/FuseModel_Body_Gloss.uasset" 651
"../../../RPGGame/Content/ThirdPersonBP/Characters/FuseModel/Textures/FuseModel_Body_Normal.uasset" 652
"../../../RPGGame/Content/ThirdPersonBP/Characters/FuseModel/Textures/FuseModel_Body_Opacity.uasset" 653
"../../../RPGGame/Content/ThirdPersonBP/Characters/FuseModel/Textures/FuseModel_Body_Specular.uasset" 654
"../../../RPGGame/Content/ThirdPersonBP/Characters/FuseModel/Materials/Bodymat.uasset" 655
"../../../RPGGame/Content/ThirdPersonBP/Characters/FuseModel/Textures/FuseModel_Bottom_Diffuse.uasset" 656
"../../../RPGGame/Content/ThirdPersonBP/Characters/FuseModel/Textures/FuseModel_Bottom_Gloss.uasset" 657
"../../../RPGGame/Content/ThirdPersonBP/Characters/FuseModel/Textures/FuseModel_Bottom_Normal.uasset" 658
"../../../RPGGame/Content/ThirdPersonBP/Characters/FuseModel/Textures/FuseModel_Bottom_Opacity.uasset" 659
"../../../RPGGame/Content/ThirdPersonBP/Characters/FuseModel/Textures/FuseModel_Bottom_Specular.uasset" 660
"../../../RPGGame/Content/ThirdPersonBP/Characters/FuseModel/Materials/Bottommat.uasset" 661
"../../../RPGGame/Content/ThirdPersonBP/Characters/FuseModel/Textures/FuseModel_Hair_Diffuse.uasset" 662
"../../../RPGGame/Content/ThirdPersonBP/Characters/FuseModel/Textures/FuseModel_Hair_Gloss.uasset" 663
"../../../RPGGame/Content/ThirdPersonBP/Characters/FuseModel/Textures/FuseModel_Hair_Normal.uasset" 664
"../../../RPGGame/Content/ThirdPersonBP/Characters/FuseModel/Textures/FuseModel_Hair_Opacity.uasset" 665
"../../../RPGGame/Content/ThirdPersonBP/Characters/FuseModel/Textures/FuseModel_Hair_Specular.uasset" 666
"../../../RPGGame/Content/ThirdPersonBP/Characters/FuseModel/Materials/Hairmat.uasset" 667
"../../../RPGGame/Content/ThirdPersonBP/Characters/FuseModel/Textures/FuseModel_Shoes_Diffuse.uasset" 668
"../../../RPGGame/Content/ThirdPersonBP/Characters/FuseModel/Textures/FuseModel_Shoes_Gloss.uasset" 669
"../../../RPGGame/Content/ThirdPersonBP/Characters/FuseModel/Textures/FuseModel_Shoes_Normal.uasset" 670
"../../../RPGGame/Content/ThirdPersonBP/Characters/FuseModel/Textures/FuseModel_Shoes_Opacity.uasset" 671
"../../../RPGGame/Content/ThirdPersonBP/Characters/FuseModel/Textures/FuseModel_Shoes_Specular.uasset" 672
"../../../RPGGame/Content/ThirdPersonBP/Characters/FuseModel/Materials/Shoesmat.uasset" 673
"../../../RPGGame/Content/ThirdPersonBP/Characters/FuseModel/Textures/FuseModel_Top_Diffuse.uasset" 674
"../../../RPGGame/Content/ThirdPersonBP/Characters/FuseModel/Textures/FuseModel_Top_Gloss.uasset" 675
"../../../RPGGame/Content/ThirdPersonBP/Characters/FuseModel/Textures/FuseModel_Top_Normal.uasset" 676
"../../../RPGGame/Content/ThirdPersonBP/Characters/FuseModel/Textures/FuseModel_Top_Opacity.uasset" 677
"../../../RPGGame/Content/ThirdPersonBP/Characters/FuseModel/Textures/FuseModel_Top_Specular.uasset" 678
"../../../RPGGame/Content/ThirdPersonBP/Characters/FuseModel/Materials/Topmat.uasset" 679
"../../../RPGGame/Content/ThirdPersonBP/Characters/FuseModel/Mesh/FuseModel_PhysicsAsset.uasset" 680
"../../../RPGGame/Content/ThirdPersonBP/Characters/FuseModel/Mesh/FuseModel.uasset" 681
"../../../RPGGame/Content/ThirdPersonBP/Meshes/Bump_StaticMesh.uasset" 682
"../../../RPGGame/Content/ThirdPersonBP/Meshes/CubeMaterial.uasset" 683
"../../../RPGGame/Content/ThirdPersonBP/Meshes/CubeMesh.uasset" 684
"../../../RPGGame/Content/ThirdPersonBP/Meshes/LeftArm_StaticMesh.uasset" 685
"../../../RPGGame/Content/ThirdPersonBP/Meshes/Ramp_StaticMesh.uasset" 686
"../../../RPGGame/Content/ThirdPersonBP/Meshes/RightArm_StaticMesh.uasset" 687
"../../../RPGGame/Content/ThirdPersonBP/Maps/ThirdPersonExampleMap.umap" 688
"../../../Engine/Content/Maps/Entry.umap" 689
